<?xml version="1.0" encoding="UTF-8"?>
<!-- Generated by org.testng.reporters.JUnitReportReporter -->
<testsuite hostname="T0003181977" failures="0" tests="1" name="Ejemplo.Ejemplo.EJ1" time="6.449" errors="0" timestamp="2022-08-10T21:44:15 ART" skipped="0">
  <testcase classname="Ejemplo.Ejemplo.EJ1" name="alertaAcept" time="6.449"/>
  <system-out/>
</testsuite> <!-- Ejemplo.Ejemplo.EJ1 -->
