<?xml version="1.0" encoding="UTF-8"?>
<!-- Generated by org.testng.reporters.JUnitReportReporter -->
<testsuite hostname="T0003181977" failures="0" tests="1" name="Ejemplo.Ejemplo.EJ1" time="10.444" errors="0" timestamp="2022-08-10T23:50:53 ART" skipped="0">
  <testcase classname="Ejemplo.Ejemplo.EJ1" name="alertaAcept" time="10.444"/>
  <system-out/>
</testsuite> <!-- Ejemplo.Ejemplo.EJ1 -->
